Detecting C OpenMP failed with the following output:
Change Dir: /mnt/e/Projects/RayTracer-redone/cmake-build-minsizerel-clang/CMakeFiles/CMakeTmp

Run Build Command(s):/usr/bin/gmake -f Makefile cmTC_62c7f/fast && gmake: Warning: File 'Makefile' has modification time 2.1 s in the future
/usr/bin/gmake  -f CMakeFiles/cmTC_62c7f.dir/build.make CMakeFiles/cmTC_62c7f.dir/build
gmake[1]: Entering directory '/mnt/e/Projects/RayTracer-redone/cmake-build-minsizerel-clang/CMakeFiles/CMakeTmp'
gmake[1]: Warning: File 'CMakeFiles/cmTC_62c7f.dir/flags.make' has modification time 2 s in the future
Building C object CMakeFiles/cmTC_62c7f.dir/OpenMPTryFlag.c.o
/usr/bin/clang   -fopenmp=libomp -v -MD -MT CMakeFiles/cmTC_62c7f.dir/OpenMPTryFlag.c.o -MF CMakeFiles/cmTC_62c7f.dir/OpenMPTryFlag.c.o.d -o CMakeFiles/cmTC_62c7f.dir/OpenMPTryFlag.c.o -c /mnt/e/Projects/RayTracer-redone/cmake-build-minsizerel-clang/CMakeFiles/FindOpenMP/OpenMPTryFlag.c
Ubuntu clang version 14.0.0-1ubuntu1.1
Target: x86_64-pc-linux-gnu
Thread model: posix
InstalledDir: /usr/bin
Found candidate GCC installation: /usr/bin/../lib/gcc/x86_64-linux-gnu/11
Selected GCC installation: /usr/bin/../lib/gcc/x86_64-linux-gnu/11
Candidate multilib: .;@m64
Selected multilib: .;@m64
 (in-process)
 "/usr/lib/llvm-14/bin/clang" -cc1 -triple x86_64-pc-linux-gnu -emit-obj -mrelax-all --mrelax-relocations -disable-free -clear-ast-before-backend -disable-llvm-verifier -discard-value-names -main-file-name OpenMPTryFlag.c -mrelocation-model pic -pic-level 2 -pic-is-pie -mframe-pointer=all -fmath-errno -ffp-contract=on -fno-rounding-math -mconstructor-aliases -funwind-tables=2 -target-cpu x86-64 -tune-cpu generic -mllvm -treat-scalable-fixed-error-as-warning -debugger-tuning=gdb -v -fcoverage-compilation-dir=/mnt/e/Projects/RayTracer-redone/cmake-build-minsizerel-clang/CMakeFiles/CMakeTmp -resource-dir /usr/lib/llvm-14/lib/clang/14.0.0 -dependency-file CMakeFiles/cmTC_62c7f.dir/OpenMPTryFlag.c.o.d -MT CMakeFiles/cmTC_62c7f.dir/OpenMPTryFlag.c.o -sys-header-deps -internal-isystem /usr/lib/llvm-14/lib/clang/14.0.0/include -internal-isystem /usr/local/include -internal-isystem /usr/bin/../lib/gcc/x86_64-linux-gnu/11/../../../../x86_64-linux-gnu/include -internal-externc-isystem /usr/include/x86_64-linux-gnu -internal-externc-isystem /include -internal-externc-isystem /usr/include -fdebug-compilation-dir=/mnt/e/Projects/RayTracer-redone/cmake-build-minsizerel-clang/CMakeFiles/CMakeTmp -ferror-limit 19 -fopenmp -fopenmp-target-new-runtime -fgnuc-version=4.2.1 -faddrsig -D__GCC_HAVE_DWARF2_CFI_ASM=1 -o CMakeFiles/cmTC_62c7f.dir/OpenMPTryFlag.c.o -x c /mnt/e/Projects/RayTracer-redone/cmake-build-minsizerel-clang/CMakeFiles/FindOpenMP/OpenMPTryFlag.c
clang -cc1 version 14.0.0 based upon LLVM 14.0.0 default target x86_64-pc-linux-gnu
ignoring nonexistent directory "/usr/bin/../lib/gcc/x86_64-linux-gnu/11/../../../../x86_64-linux-gnu/include"
ignoring nonexistent directory "/include"
#include "..." search starts here:
#include <...> search starts here:
 /usr/lib/llvm-14/lib/clang/14.0.0/include
 /usr/local/include
 /usr/include/x86_64-linux-gnu
 /usr/include
End of search list.
/mnt/e/Projects/RayTracer-redone/cmake-build-minsizerel-clang/CMakeFiles/FindOpenMP/OpenMPTryFlag.c:2:10: fatal error: 'omp.h' file not found
#include <omp.h>
         ^~~~~~~
1 error generated.
gmake[1]: *** [CMakeFiles/cmTC_62c7f.dir/build.make:79: CMakeFiles/cmTC_62c7f.dir/OpenMPTryFlag.c.o] Error 1
gmake[1]: Leaving directory '/mnt/e/Projects/RayTracer-redone/cmake-build-minsizerel-clang/CMakeFiles/CMakeTmp'
gmake: *** [Makefile:127: cmTC_62c7f/fast] Error 2



Detecting C OpenMP failed with the following output:
Change Dir: /mnt/e/Projects/RayTracer-redone/cmake-build-minsizerel-clang/CMakeFiles/CMakeTmp

Run Build Command(s):/usr/bin/gmake -f Makefile cmTC_6e1a2/fast && gmake: Warning: File 'Makefile' has modification time 2 s in the future
/usr/bin/gmake  -f CMakeFiles/cmTC_6e1a2.dir/build.make CMakeFiles/cmTC_6e1a2.dir/build
gmake[1]: Entering directory '/mnt/e/Projects/RayTracer-redone/cmake-build-minsizerel-clang/CMakeFiles/CMakeTmp'
gmake[1]: Warning: File 'CMakeFiles/cmTC_6e1a2.dir/flags.make' has modification time 2 s in the future
Building C object CMakeFiles/cmTC_6e1a2.dir/OpenMPTryFlag.c.o
/usr/bin/clang   -fopenmp=libiomp5 -v -MD -MT CMakeFiles/cmTC_6e1a2.dir/OpenMPTryFlag.c.o -MF CMakeFiles/cmTC_6e1a2.dir/OpenMPTryFlag.c.o.d -o CMakeFiles/cmTC_6e1a2.dir/OpenMPTryFlag.c.o -c /mnt/e/Projects/RayTracer-redone/cmake-build-minsizerel-clang/CMakeFiles/FindOpenMP/OpenMPTryFlag.c
Ubuntu clang version 14.0.0-1ubuntu1.1
Target: x86_64-pc-linux-gnu
Thread model: posix
InstalledDir: /usr/bin
Found candidate GCC installation: /usr/bin/../lib/gcc/x86_64-linux-gnu/11
Selected GCC installation: /usr/bin/../lib/gcc/x86_64-linux-gnu/11
Candidate multilib: .;@m64
Selected multilib: .;@m64
 (in-process)
 "/usr/lib/llvm-14/bin/clang" -cc1 -triple x86_64-pc-linux-gnu -emit-obj -mrelax-all --mrelax-relocations -disable-free -clear-ast-before-backend -disable-llvm-verifier -discard-value-names -main-file-name OpenMPTryFlag.c -mrelocation-model pic -pic-level 2 -pic-is-pie -mframe-pointer=all -fmath-errno -ffp-contract=on -fno-rounding-math -mconstructor-aliases -funwind-tables=2 -target-cpu x86-64 -tune-cpu generic -mllvm -treat-scalable-fixed-error-as-warning -debugger-tuning=gdb -v -fcoverage-compilation-dir=/mnt/e/Projects/RayTracer-redone/cmake-build-minsizerel-clang/CMakeFiles/CMakeTmp -resource-dir /usr/lib/llvm-14/lib/clang/14.0.0 -dependency-file CMakeFiles/cmTC_6e1a2.dir/OpenMPTryFlag.c.o.d -MT CMakeFiles/cmTC_6e1a2.dir/OpenMPTryFlag.c.o -sys-header-deps -internal-isystem /usr/lib/llvm-14/lib/clang/14.0.0/include -internal-isystem /usr/local/include -internal-isystem /usr/bin/../lib/gcc/x86_64-linux-gnu/11/../../../../x86_64-linux-gnu/include -internal-externc-isystem /usr/include/x86_64-linux-gnu -internal-externc-isystem /include -internal-externc-isystem /usr/include -fdebug-compilation-dir=/mnt/e/Projects/RayTracer-redone/cmake-build-minsizerel-clang/CMakeFiles/CMakeTmp -ferror-limit 19 -fopenmp -fopenmp-target-new-runtime -fgnuc-version=4.2.1 -faddrsig -D__GCC_HAVE_DWARF2_CFI_ASM=1 -o CMakeFiles/cmTC_6e1a2.dir/OpenMPTryFlag.c.o -x c /mnt/e/Projects/RayTracer-redone/cmake-build-minsizerel-clang/CMakeFiles/FindOpenMP/OpenMPTryFlag.c
clang -cc1 version 14.0.0 based upon LLVM 14.0.0 default target x86_64-pc-linux-gnu
ignoring nonexistent directory "/usr/bin/../lib/gcc/x86_64-linux-gnu/11/../../../../x86_64-linux-gnu/include"
ignoring nonexistent directory "/include"
#include "..." search starts here:
#include <...> search starts here:
 /usr/lib/llvm-14/lib/clang/14.0.0/include
 /usr/local/include
 /usr/include/x86_64-linux-gnu
 /usr/include
End of search list.
/mnt/e/Projects/RayTracer-redone/cmake-build-minsizerel-clang/CMakeFiles/FindOpenMP/OpenMPTryFlag.c:2:10: fatal error: 'omp.h' file not found
#include <omp.h>
         ^~~~~~~
1 error generated.
gmake[1]: *** [CMakeFiles/cmTC_6e1a2.dir/build.make:79: CMakeFiles/cmTC_6e1a2.dir/OpenMPTryFlag.c.o] Error 1
gmake[1]: Leaving directory '/mnt/e/Projects/RayTracer-redone/cmake-build-minsizerel-clang/CMakeFiles/CMakeTmp'
gmake: *** [Makefile:127: cmTC_6e1a2/fast] Error 2



Detecting C OpenMP failed with the following output:
Change Dir: /mnt/e/Projects/RayTracer-redone/cmake-build-minsizerel-clang/CMakeFiles/CMakeTmp

Run Build Command(s):/usr/bin/gmake -f Makefile cmTC_15d62/fast && gmake: Warning: File 'Makefile' has modification time 2 s in the future
/usr/bin/gmake  -f CMakeFiles/cmTC_15d62.dir/build.make CMakeFiles/cmTC_15d62.dir/build
gmake[1]: Entering directory '/mnt/e/Projects/RayTracer-redone/cmake-build-minsizerel-clang/CMakeFiles/CMakeTmp'
gmake[1]: Warning: File 'CMakeFiles/cmTC_15d62.dir/flags.make' has modification time 2 s in the future
Building C object CMakeFiles/cmTC_15d62.dir/OpenMPTryFlag.c.o
/usr/bin/clang   -fopenmp -v -MD -MT CMakeFiles/cmTC_15d62.dir/OpenMPTryFlag.c.o -MF CMakeFiles/cmTC_15d62.dir/OpenMPTryFlag.c.o.d -o CMakeFiles/cmTC_15d62.dir/OpenMPTryFlag.c.o -c /mnt/e/Projects/RayTracer-redone/cmake-build-minsizerel-clang/CMakeFiles/FindOpenMP/OpenMPTryFlag.c
Ubuntu clang version 14.0.0-1ubuntu1.1
Target: x86_64-pc-linux-gnu
Thread model: posix
InstalledDir: /usr/bin
Found candidate GCC installation: /usr/bin/../lib/gcc/x86_64-linux-gnu/11
Selected GCC installation: /usr/bin/../lib/gcc/x86_64-linux-gnu/11
Candidate multilib: .;@m64
Selected multilib: .;@m64
 (in-process)
 "/usr/lib/llvm-14/bin/clang" -cc1 -triple x86_64-pc-linux-gnu -emit-obj -mrelax-all --mrelax-relocations -disable-free -clear-ast-before-backend -disable-llvm-verifier -discard-value-names -main-file-name OpenMPTryFlag.c -mrelocation-model pic -pic-level 2 -pic-is-pie -mframe-pointer=all -fmath-errno -ffp-contract=on -fno-rounding-math -mconstructor-aliases -funwind-tables=2 -target-cpu x86-64 -tune-cpu generic -mllvm -treat-scalable-fixed-error-as-warning -debugger-tuning=gdb -v -fcoverage-compilation-dir=/mnt/e/Projects/RayTracer-redone/cmake-build-minsizerel-clang/CMakeFiles/CMakeTmp -resource-dir /usr/lib/llvm-14/lib/clang/14.0.0 -dependency-file CMakeFiles/cmTC_15d62.dir/OpenMPTryFlag.c.o.d -MT CMakeFiles/cmTC_15d62.dir/OpenMPTryFlag.c.o -sys-header-deps -internal-isystem /usr/lib/llvm-14/lib/clang/14.0.0/include -internal-isystem /usr/local/include -internal-isystem /usr/bin/../lib/gcc/x86_64-linux-gnu/11/../../../../x86_64-linux-gnu/include -internal-externc-isystem /usr/include/x86_64-linux-gnu -internal-externc-isystem /include -internal-externc-isystem /usr/include -fdebug-compilation-dir=/mnt/e/Projects/RayTracer-redone/cmake-build-minsizerel-clang/CMakeFiles/CMakeTmp -ferror-limit 19 -fopenmp -fopenmp-target-new-runtime -fgnuc-version=4.2.1 -faddrsig -D__GCC_HAVE_DWARF2_CFI_ASM=1 -o CMakeFiles/cmTC_15d62.dir/OpenMPTryFlag.c.o -x c /mnt/e/Projects/RayTracer-redone/cmake-build-minsizerel-clang/CMakeFiles/FindOpenMP/OpenMPTryFlag.c
clang -cc1 version 14.0.0 based upon LLVM 14.0.0 default target x86_64-pc-linux-gnu
ignoring nonexistent directory "/usr/bin/../lib/gcc/x86_64-linux-gnu/11/../../../../x86_64-linux-gnu/include"
ignoring nonexistent directory "/include"
#include "..." search starts here:
#include <...> search starts here:
 /usr/lib/llvm-14/lib/clang/14.0.0/include
 /usr/local/include
 /usr/include/x86_64-linux-gnu
 /usr/include
End of search list.
/mnt/e/Projects/RayTracer-redone/cmake-build-minsizerel-clang/CMakeFiles/FindOpenMP/OpenMPTryFlag.c:2:10: fatal error: 'omp.h' file not found
#include <omp.h>
         ^~~~~~~
1 error generated.
gmake[1]: *** [CMakeFiles/cmTC_15d62.dir/build.make:79: CMakeFiles/cmTC_15d62.dir/OpenMPTryFlag.c.o] Error 1
gmake[1]: Leaving directory '/mnt/e/Projects/RayTracer-redone/cmake-build-minsizerel-clang/CMakeFiles/CMakeTmp'
gmake: *** [Makefile:127: cmTC_15d62/fast] Error 2



Detecting C OpenMP failed with the following output:
Change Dir: /mnt/e/Projects/RayTracer-redone/cmake-build-minsizerel-clang/CMakeFiles/CMakeTmp

Run Build Command(s):/usr/bin/gmake -f Makefile cmTC_86a61/fast && gmake: Warning: File 'Makefile' has modification time 2 s in the future
/usr/bin/gmake  -f CMakeFiles/cmTC_86a61.dir/build.make CMakeFiles/cmTC_86a61.dir/build
gmake[1]: Entering directory '/mnt/e/Projects/RayTracer-redone/cmake-build-minsizerel-clang/CMakeFiles/CMakeTmp'
gmake[1]: Warning: File 'CMakeFiles/cmTC_86a61.dir/flags.make' has modification time 1.9 s in the future
Building C object CMakeFiles/cmTC_86a61.dir/OpenMPTryFlag.c.o
/usr/bin/clang   -Xclang -fopenmp -v -MD -MT CMakeFiles/cmTC_86a61.dir/OpenMPTryFlag.c.o -MF CMakeFiles/cmTC_86a61.dir/OpenMPTryFlag.c.o.d -o CMakeFiles/cmTC_86a61.dir/OpenMPTryFlag.c.o -c /mnt/e/Projects/RayTracer-redone/cmake-build-minsizerel-clang/CMakeFiles/FindOpenMP/OpenMPTryFlag.c
Ubuntu clang version 14.0.0-1ubuntu1.1
Target: x86_64-pc-linux-gnu
Thread model: posix
InstalledDir: /usr/bin
Found candidate GCC installation: /usr/bin/../lib/gcc/x86_64-linux-gnu/11
Selected GCC installation: /usr/bin/../lib/gcc/x86_64-linux-gnu/11
Candidate multilib: .;@m64
Selected multilib: .;@m64
 (in-process)
 "/usr/lib/llvm-14/bin/clang" -cc1 -triple x86_64-pc-linux-gnu -emit-obj -mrelax-all --mrelax-relocations -disable-free -clear-ast-before-backend -disable-llvm-verifier -discard-value-names -main-file-name OpenMPTryFlag.c -mrelocation-model pic -pic-level 2 -pic-is-pie -mframe-pointer=all -fmath-errno -ffp-contract=on -fno-rounding-math -mconstructor-aliases -funwind-tables=2 -target-cpu x86-64 -tune-cpu generic -mllvm -treat-scalable-fixed-error-as-warning -debugger-tuning=gdb -v -fcoverage-compilation-dir=/mnt/e/Projects/RayTracer-redone/cmake-build-minsizerel-clang/CMakeFiles/CMakeTmp -resource-dir /usr/lib/llvm-14/lib/clang/14.0.0 -dependency-file CMakeFiles/cmTC_86a61.dir/OpenMPTryFlag.c.o.d -MT CMakeFiles/cmTC_86a61.dir/OpenMPTryFlag.c.o -sys-header-deps -internal-isystem /usr/lib/llvm-14/lib/clang/14.0.0/include -internal-isystem /usr/local/include -internal-isystem /usr/bin/../lib/gcc/x86_64-linux-gnu/11/../../../../x86_64-linux-gnu/include -internal-externc-isystem /usr/include/x86_64-linux-gnu -internal-externc-isystem /include -internal-externc-isystem /usr/include -fdebug-compilation-dir=/mnt/e/Projects/RayTracer-redone/cmake-build-minsizerel-clang/CMakeFiles/CMakeTmp -ferror-limit 19 -fgnuc-version=4.2.1 -fopenmp -faddrsig -D__GCC_HAVE_DWARF2_CFI_ASM=1 -o CMakeFiles/cmTC_86a61.dir/OpenMPTryFlag.c.o -x c /mnt/e/Projects/RayTracer-redone/cmake-build-minsizerel-clang/CMakeFiles/FindOpenMP/OpenMPTryFlag.c
clang -cc1 version 14.0.0 based upon LLVM 14.0.0 default target x86_64-pc-linux-gnu
ignoring nonexistent directory "/usr/bin/../lib/gcc/x86_64-linux-gnu/11/../../../../x86_64-linux-gnu/include"
ignoring nonexistent directory "/include"
#include "..." search starts here:
#include <...> search starts here:
 /usr/lib/llvm-14/lib/clang/14.0.0/include
 /usr/local/include
 /usr/include/x86_64-linux-gnu
 /usr/include
End of search list.
/mnt/e/Projects/RayTracer-redone/cmake-build-minsizerel-clang/CMakeFiles/FindOpenMP/OpenMPTryFlag.c:2:10: fatal error: 'omp.h' file not found
#include <omp.h>
         ^~~~~~~
1 error generated.
gmake[1]: *** [CMakeFiles/cmTC_86a61.dir/build.make:79: CMakeFiles/cmTC_86a61.dir/OpenMPTryFlag.c.o] Error 1
gmake[1]: Leaving directory '/mnt/e/Projects/RayTracer-redone/cmake-build-minsizerel-clang/CMakeFiles/CMakeTmp'
gmake: *** [Makefile:127: cmTC_86a61/fast] Error 2



Detecting CXX OpenMP failed with the following output:
Change Dir: /mnt/e/Projects/RayTracer-redone/cmake-build-minsizerel-clang/CMakeFiles/CMakeTmp

Run Build Command(s):/usr/bin/gmake -f Makefile cmTC_24bb7/fast && gmake: Warning: File 'Makefile' has modification time 1.9 s in the future
/usr/bin/gmake  -f CMakeFiles/cmTC_24bb7.dir/build.make CMakeFiles/cmTC_24bb7.dir/build
gmake[1]: Entering directory '/mnt/e/Projects/RayTracer-redone/cmake-build-minsizerel-clang/CMakeFiles/CMakeTmp'
gmake[1]: Warning: File 'CMakeFiles/cmTC_24bb7.dir/flags.make' has modification time 1.9 s in the future
Building CXX object CMakeFiles/cmTC_24bb7.dir/OpenMPTryFlag.cpp.o
/usr/bin/clang++   -fopenmp=libomp -v -std=gnu++20 -MD -MT CMakeFiles/cmTC_24bb7.dir/OpenMPTryFlag.cpp.o -MF CMakeFiles/cmTC_24bb7.dir/OpenMPTryFlag.cpp.o.d -o CMakeFiles/cmTC_24bb7.dir/OpenMPTryFlag.cpp.o -c /mnt/e/Projects/RayTracer-redone/cmake-build-minsizerel-clang/CMakeFiles/FindOpenMP/OpenMPTryFlag.cpp
Ubuntu clang version 14.0.0-1ubuntu1.1
Target: x86_64-pc-linux-gnu
Thread model: posix
InstalledDir: /usr/bin
Found candidate GCC installation: /usr/bin/../lib/gcc/x86_64-linux-gnu/11
Selected GCC installation: /usr/bin/../lib/gcc/x86_64-linux-gnu/11
Candidate multilib: .;@m64
Selected multilib: .;@m64
 (in-process)
 "/usr/lib/llvm-14/bin/clang" -cc1 -triple x86_64-pc-linux-gnu -emit-obj -mrelax-all --mrelax-relocations -disable-free -clear-ast-before-backend -disable-llvm-verifier -discard-value-names -main-file-name OpenMPTryFlag.cpp -mrelocation-model pic -pic-level 2 -pic-is-pie -mframe-pointer=all -fmath-errno -ffp-contract=on -fno-rounding-math -mconstructor-aliases -funwind-tables=2 -target-cpu x86-64 -tune-cpu generic -mllvm -treat-scalable-fixed-error-as-warning -debugger-tuning=gdb -v -fcoverage-compilation-dir=/mnt/e/Projects/RayTracer-redone/cmake-build-minsizerel-clang/CMakeFiles/CMakeTmp -resource-dir /usr/lib/llvm-14/lib/clang/14.0.0 -dependency-file CMakeFiles/cmTC_24bb7.dir/OpenMPTryFlag.cpp.o.d -MT CMakeFiles/cmTC_24bb7.dir/OpenMPTryFlag.cpp.o -sys-header-deps -internal-isystem /usr/bin/../lib/gcc/x86_64-linux-gnu/11/../../../../include/c++/11 -internal-isystem /usr/bin/../lib/gcc/x86_64-linux-gnu/11/../../../../include/x86_64-linux-gnu/c++/11 -internal-isystem /usr/bin/../lib/gcc/x86_64-linux-gnu/11/../../../../include/c++/11/backward -internal-isystem /usr/lib/llvm-14/lib/clang/14.0.0/include -internal-isystem /usr/local/include -internal-isystem /usr/bin/../lib/gcc/x86_64-linux-gnu/11/../../../../x86_64-linux-gnu/include -internal-externc-isystem /usr/include/x86_64-linux-gnu -internal-externc-isystem /include -internal-externc-isystem /usr/include -std=gnu++20 -fdeprecated-macro -fdebug-compilation-dir=/mnt/e/Projects/RayTracer-redone/cmake-build-minsizerel-clang/CMakeFiles/CMakeTmp -ferror-limit 19 -fopenmp -fopenmp-target-new-runtime -fgnuc-version=4.2.1 -fcxx-exceptions -fexceptions -faddrsig -D__GCC_HAVE_DWARF2_CFI_ASM=1 -o CMakeFiles/cmTC_24bb7.dir/OpenMPTryFlag.cpp.o -x c++ /mnt/e/Projects/RayTracer-redone/cmake-build-minsizerel-clang/CMakeFiles/FindOpenMP/OpenMPTryFlag.cpp
clang -cc1 version 14.0.0 based upon LLVM 14.0.0 default target x86_64-pc-linux-gnu
ignoring nonexistent directory "/usr/bin/../lib/gcc/x86_64-linux-gnu/11/../../../../x86_64-linux-gnu/include"
ignoring nonexistent directory "/include"
#include "..." search starts here:
#include <...> search starts here:
 /usr/bin/../lib/gcc/x86_64-linux-gnu/11/../../../../include/c++/11
 /usr/bin/../lib/gcc/x86_64-linux-gnu/11/../../../../include/x86_64-linux-gnu/c++/11
 /usr/bin/../lib/gcc/x86_64-linux-gnu/11/../../../../include/c++/11/backward
 /usr/lib/llvm-14/lib/clang/14.0.0/include
 /usr/local/include
 /usr/include/x86_64-linux-gnu
 /usr/include
End of search list.
/mnt/e/Projects/RayTracer-redone/cmake-build-minsizerel-clang/CMakeFiles/FindOpenMP/OpenMPTryFlag.cpp:2:10: fatal error: 'omp.h' file not found
#include <omp.h>
         ^~~~~~~
1 error generated.
gmake[1]: *** [CMakeFiles/cmTC_24bb7.dir/build.make:79: CMakeFiles/cmTC_24bb7.dir/OpenMPTryFlag.cpp.o] Error 1
gmake[1]: Leaving directory '/mnt/e/Projects/RayTracer-redone/cmake-build-minsizerel-clang/CMakeFiles/CMakeTmp'
gmake: *** [Makefile:127: cmTC_24bb7/fast] Error 2



Detecting CXX OpenMP failed with the following output:
Change Dir: /mnt/e/Projects/RayTracer-redone/cmake-build-minsizerel-clang/CMakeFiles/CMakeTmp

Run Build Command(s):/usr/bin/gmake -f Makefile cmTC_eb7ee/fast && gmake: Warning: File 'Makefile' has modification time 1.9 s in the future
/usr/bin/gmake  -f CMakeFiles/cmTC_eb7ee.dir/build.make CMakeFiles/cmTC_eb7ee.dir/build
gmake[1]: Entering directory '/mnt/e/Projects/RayTracer-redone/cmake-build-minsizerel-clang/CMakeFiles/CMakeTmp'
gmake[1]: Warning: File 'CMakeFiles/cmTC_eb7ee.dir/flags.make' has modification time 1.9 s in the future
Building CXX object CMakeFiles/cmTC_eb7ee.dir/OpenMPTryFlag.cpp.o
/usr/bin/clang++   -fopenmp=libiomp5 -v -std=gnu++20 -MD -MT CMakeFiles/cmTC_eb7ee.dir/OpenMPTryFlag.cpp.o -MF CMakeFiles/cmTC_eb7ee.dir/OpenMPTryFlag.cpp.o.d -o CMakeFiles/cmTC_eb7ee.dir/OpenMPTryFlag.cpp.o -c /mnt/e/Projects/RayTracer-redone/cmake-build-minsizerel-clang/CMakeFiles/FindOpenMP/OpenMPTryFlag.cpp
Ubuntu clang version 14.0.0-1ubuntu1.1
Target: x86_64-pc-linux-gnu
Thread model: posix
InstalledDir: /usr/bin
Found candidate GCC installation: /usr/bin/../lib/gcc/x86_64-linux-gnu/11
Selected GCC installation: /usr/bin/../lib/gcc/x86_64-linux-gnu/11
Candidate multilib: .;@m64
Selected multilib: .;@m64
 (in-process)
 "/usr/lib/llvm-14/bin/clang" -cc1 -triple x86_64-pc-linux-gnu -emit-obj -mrelax-all --mrelax-relocations -disable-free -clear-ast-before-backend -disable-llvm-verifier -discard-value-names -main-file-name OpenMPTryFlag.cpp -mrelocation-model pic -pic-level 2 -pic-is-pie -mframe-pointer=all -fmath-errno -ffp-contract=on -fno-rounding-math -mconstructor-aliases -funwind-tables=2 -target-cpu x86-64 -tune-cpu generic -mllvm -treat-scalable-fixed-error-as-warning -debugger-tuning=gdb -v -fcoverage-compilation-dir=/mnt/e/Projects/RayTracer-redone/cmake-build-minsizerel-clang/CMakeFiles/CMakeTmp -resource-dir /usr/lib/llvm-14/lib/clang/14.0.0 -dependency-file CMakeFiles/cmTC_eb7ee.dir/OpenMPTryFlag.cpp.o.d -MT CMakeFiles/cmTC_eb7ee.dir/OpenMPTryFlag.cpp.o -sys-header-deps -internal-isystem /usr/bin/../lib/gcc/x86_64-linux-gnu/11/../../../../include/c++/11 -internal-isystem /usr/bin/../lib/gcc/x86_64-linux-gnu/11/../../../../include/x86_64-linux-gnu/c++/11 -internal-isystem /usr/bin/../lib/gcc/x86_64-linux-gnu/11/../../../../include/c++/11/backward -internal-isystem /usr/lib/llvm-14/lib/clang/14.0.0/include -internal-isystem /usr/local/include -internal-isystem /usr/bin/../lib/gcc/x86_64-linux-gnu/11/../../../../x86_64-linux-gnu/include -internal-externc-isystem /usr/include/x86_64-linux-gnu -internal-externc-isystem /include -internal-externc-isystem /usr/include -std=gnu++20 -fdeprecated-macro -fdebug-compilation-dir=/mnt/e/Projects/RayTracer-redone/cmake-build-minsizerel-clang/CMakeFiles/CMakeTmp -ferror-limit 19 -fopenmp -fopenmp-target-new-runtime -fgnuc-version=4.2.1 -fcxx-exceptions -fexceptions -faddrsig -D__GCC_HAVE_DWARF2_CFI_ASM=1 -o CMakeFiles/cmTC_eb7ee.dir/OpenMPTryFlag.cpp.o -x c++ /mnt/e/Projects/RayTracer-redone/cmake-build-minsizerel-clang/CMakeFiles/FindOpenMP/OpenMPTryFlag.cpp
clang -cc1 version 14.0.0 based upon LLVM 14.0.0 default target x86_64-pc-linux-gnu
ignoring nonexistent directory "/usr/bin/../lib/gcc/x86_64-linux-gnu/11/../../../../x86_64-linux-gnu/include"
ignoring nonexistent directory "/include"
#include "..." search starts here:
#include <...> search starts here:
 /usr/bin/../lib/gcc/x86_64-linux-gnu/11/../../../../include/c++/11
 /usr/bin/../lib/gcc/x86_64-linux-gnu/11/../../../../include/x86_64-linux-gnu/c++/11
 /usr/bin/../lib/gcc/x86_64-linux-gnu/11/../../../../include/c++/11/backward
 /usr/lib/llvm-14/lib/clang/14.0.0/include
 /usr/local/include
 /usr/include/x86_64-linux-gnu
 /usr/include
End of search list.
/mnt/e/Projects/RayTracer-redone/cmake-build-minsizerel-clang/CMakeFiles/FindOpenMP/OpenMPTryFlag.cpp:2:10: fatal error: 'omp.h' file not found
#include <omp.h>
         ^~~~~~~
1 error generated.
gmake[1]: *** [CMakeFiles/cmTC_eb7ee.dir/build.make:79: CMakeFiles/cmTC_eb7ee.dir/OpenMPTryFlag.cpp.o] Error 1
gmake[1]: Leaving directory '/mnt/e/Projects/RayTracer-redone/cmake-build-minsizerel-clang/CMakeFiles/CMakeTmp'
gmake: *** [Makefile:127: cmTC_eb7ee/fast] Error 2



Detecting CXX OpenMP failed with the following output:
Change Dir: /mnt/e/Projects/RayTracer-redone/cmake-build-minsizerel-clang/CMakeFiles/CMakeTmp

Run Build Command(s):/usr/bin/gmake -f Makefile cmTC_7188c/fast && gmake: Warning: File 'Makefile' has modification time 1.9 s in the future
/usr/bin/gmake  -f CMakeFiles/cmTC_7188c.dir/build.make CMakeFiles/cmTC_7188c.dir/build
gmake[1]: Entering directory '/mnt/e/Projects/RayTracer-redone/cmake-build-minsizerel-clang/CMakeFiles/CMakeTmp'
gmake[1]: Warning: File 'CMakeFiles/cmTC_7188c.dir/flags.make' has modification time 1.8 s in the future
Building CXX object CMakeFiles/cmTC_7188c.dir/OpenMPTryFlag.cpp.o
/usr/bin/clang++   -fopenmp -v -std=gnu++20 -MD -MT CMakeFiles/cmTC_7188c.dir/OpenMPTryFlag.cpp.o -MF CMakeFiles/cmTC_7188c.dir/OpenMPTryFlag.cpp.o.d -o CMakeFiles/cmTC_7188c.dir/OpenMPTryFlag.cpp.o -c /mnt/e/Projects/RayTracer-redone/cmake-build-minsizerel-clang/CMakeFiles/FindOpenMP/OpenMPTryFlag.cpp
Ubuntu clang version 14.0.0-1ubuntu1.1
Target: x86_64-pc-linux-gnu
Thread model: posix
InstalledDir: /usr/bin
Found candidate GCC installation: /usr/bin/../lib/gcc/x86_64-linux-gnu/11
Selected GCC installation: /usr/bin/../lib/gcc/x86_64-linux-gnu/11
Candidate multilib: .;@m64
Selected multilib: .;@m64
 (in-process)
 "/usr/lib/llvm-14/bin/clang" -cc1 -triple x86_64-pc-linux-gnu -emit-obj -mrelax-all --mrelax-relocations -disable-free -clear-ast-before-backend -disable-llvm-verifier -discard-value-names -main-file-name OpenMPTryFlag.cpp -mrelocation-model pic -pic-level 2 -pic-is-pie -mframe-pointer=all -fmath-errno -ffp-contract=on -fno-rounding-math -mconstructor-aliases -funwind-tables=2 -target-cpu x86-64 -tune-cpu generic -mllvm -treat-scalable-fixed-error-as-warning -debugger-tuning=gdb -v -fcoverage-compilation-dir=/mnt/e/Projects/RayTracer-redone/cmake-build-minsizerel-clang/CMakeFiles/CMakeTmp -resource-dir /usr/lib/llvm-14/lib/clang/14.0.0 -dependency-file CMakeFiles/cmTC_7188c.dir/OpenMPTryFlag.cpp.o.d -MT CMakeFiles/cmTC_7188c.dir/OpenMPTryFlag.cpp.o -sys-header-deps -internal-isystem /usr/bin/../lib/gcc/x86_64-linux-gnu/11/../../../../include/c++/11 -internal-isystem /usr/bin/../lib/gcc/x86_64-linux-gnu/11/../../../../include/x86_64-linux-gnu/c++/11 -internal-isystem /usr/bin/../lib/gcc/x86_64-linux-gnu/11/../../../../include/c++/11/backward -internal-isystem /usr/lib/llvm-14/lib/clang/14.0.0/include -internal-isystem /usr/local/include -internal-isystem /usr/bin/../lib/gcc/x86_64-linux-gnu/11/../../../../x86_64-linux-gnu/include -internal-externc-isystem /usr/include/x86_64-linux-gnu -internal-externc-isystem /include -internal-externc-isystem /usr/include -std=gnu++20 -fdeprecated-macro -fdebug-compilation-dir=/mnt/e/Projects/RayTracer-redone/cmake-build-minsizerel-clang/CMakeFiles/CMakeTmp -ferror-limit 19 -fopenmp -fopenmp-target-new-runtime -fgnuc-version=4.2.1 -fcxx-exceptions -fexceptions -faddrsig -D__GCC_HAVE_DWARF2_CFI_ASM=1 -o CMakeFiles/cmTC_7188c.dir/OpenMPTryFlag.cpp.o -x c++ /mnt/e/Projects/RayTracer-redone/cmake-build-minsizerel-clang/CMakeFiles/FindOpenMP/OpenMPTryFlag.cpp
clang -cc1 version 14.0.0 based upon LLVM 14.0.0 default target x86_64-pc-linux-gnu
ignoring nonexistent directory "/usr/bin/../lib/gcc/x86_64-linux-gnu/11/../../../../x86_64-linux-gnu/include"
ignoring nonexistent directory "/include"
#include "..." search starts here:
#include <...> search starts here:
 /usr/bin/../lib/gcc/x86_64-linux-gnu/11/../../../../include/c++/11
 /usr/bin/../lib/gcc/x86_64-linux-gnu/11/../../../../include/x86_64-linux-gnu/c++/11
 /usr/bin/../lib/gcc/x86_64-linux-gnu/11/../../../../include/c++/11/backward
 /usr/lib/llvm-14/lib/clang/14.0.0/include
 /usr/local/include
 /usr/include/x86_64-linux-gnu
 /usr/include
End of search list.
/mnt/e/Projects/RayTracer-redone/cmake-build-minsizerel-clang/CMakeFiles/FindOpenMP/OpenMPTryFlag.cpp:2:10: fatal error: 'omp.h' file not found
#include <omp.h>
         ^~~~~~~
1 error generated.
gmake[1]: *** [CMakeFiles/cmTC_7188c.dir/build.make:79: CMakeFiles/cmTC_7188c.dir/OpenMPTryFlag.cpp.o] Error 1
gmake[1]: Leaving directory '/mnt/e/Projects/RayTracer-redone/cmake-build-minsizerel-clang/CMakeFiles/CMakeTmp'
gmake: *** [Makefile:127: cmTC_7188c/fast] Error 2



Detecting CXX OpenMP failed with the following output:
Change Dir: /mnt/e/Projects/RayTracer-redone/cmake-build-minsizerel-clang/CMakeFiles/CMakeTmp

Run Build Command(s):/usr/bin/gmake -f Makefile cmTC_c6866/fast && gmake: Warning: File 'Makefile' has modification time 1.8 s in the future
/usr/bin/gmake  -f CMakeFiles/cmTC_c6866.dir/build.make CMakeFiles/cmTC_c6866.dir/build
gmake[1]: Entering directory '/mnt/e/Projects/RayTracer-redone/cmake-build-minsizerel-clang/CMakeFiles/CMakeTmp'
gmake[1]: Warning: File 'CMakeFiles/cmTC_c6866.dir/flags.make' has modification time 1.8 s in the future
Building CXX object CMakeFiles/cmTC_c6866.dir/OpenMPTryFlag.cpp.o
/usr/bin/clang++   -Xclang -fopenmp -v -std=gnu++20 -MD -MT CMakeFiles/cmTC_c6866.dir/OpenMPTryFlag.cpp.o -MF CMakeFiles/cmTC_c6866.dir/OpenMPTryFlag.cpp.o.d -o CMakeFiles/cmTC_c6866.dir/OpenMPTryFlag.cpp.o -c /mnt/e/Projects/RayTracer-redone/cmake-build-minsizerel-clang/CMakeFiles/FindOpenMP/OpenMPTryFlag.cpp
Ubuntu clang version 14.0.0-1ubuntu1.1
Target: x86_64-pc-linux-gnu
Thread model: posix
InstalledDir: /usr/bin
Found candidate GCC installation: /usr/bin/../lib/gcc/x86_64-linux-gnu/11
Selected GCC installation: /usr/bin/../lib/gcc/x86_64-linux-gnu/11
Candidate multilib: .;@m64
Selected multilib: .;@m64
 (in-process)
 "/usr/lib/llvm-14/bin/clang" -cc1 -triple x86_64-pc-linux-gnu -emit-obj -mrelax-all --mrelax-relocations -disable-free -clear-ast-before-backend -disable-llvm-verifier -discard-value-names -main-file-name OpenMPTryFlag.cpp -mrelocation-model pic -pic-level 2 -pic-is-pie -mframe-pointer=all -fmath-errno -ffp-contract=on -fno-rounding-math -mconstructor-aliases -funwind-tables=2 -target-cpu x86-64 -tune-cpu generic -mllvm -treat-scalable-fixed-error-as-warning -debugger-tuning=gdb -v -fcoverage-compilation-dir=/mnt/e/Projects/RayTracer-redone/cmake-build-minsizerel-clang/CMakeFiles/CMakeTmp -resource-dir /usr/lib/llvm-14/lib/clang/14.0.0 -dependency-file CMakeFiles/cmTC_c6866.dir/OpenMPTryFlag.cpp.o.d -MT CMakeFiles/cmTC_c6866.dir/OpenMPTryFlag.cpp.o -sys-header-deps -internal-isystem /usr/bin/../lib/gcc/x86_64-linux-gnu/11/../../../../include/c++/11 -internal-isystem /usr/bin/../lib/gcc/x86_64-linux-gnu/11/../../../../include/x86_64-linux-gnu/c++/11 -internal-isystem /usr/bin/../lib/gcc/x86_64-linux-gnu/11/../../../../include/c++/11/backward -internal-isystem /usr/lib/llvm-14/lib/clang/14.0.0/include -internal-isystem /usr/local/include -internal-isystem /usr/bin/../lib/gcc/x86_64-linux-gnu/11/../../../../x86_64-linux-gnu/include -internal-externc-isystem /usr/include/x86_64-linux-gnu -internal-externc-isystem /include -internal-externc-isystem /usr/include -std=gnu++20 -fdeprecated-macro -fdebug-compilation-dir=/mnt/e/Projects/RayTracer-redone/cmake-build-minsizerel-clang/CMakeFiles/CMakeTmp -ferror-limit 19 -fgnuc-version=4.2.1 -fcxx-exceptions -fexceptions -fopenmp -faddrsig -D__GCC_HAVE_DWARF2_CFI_ASM=1 -o CMakeFiles/cmTC_c6866.dir/OpenMPTryFlag.cpp.o -x c++ /mnt/e/Projects/RayTracer-redone/cmake-build-minsizerel-clang/CMakeFiles/FindOpenMP/OpenMPTryFlag.cpp
clang -cc1 version 14.0.0 based upon LLVM 14.0.0 default target x86_64-pc-linux-gnu
ignoring nonexistent directory "/usr/bin/../lib/gcc/x86_64-linux-gnu/11/../../../../x86_64-linux-gnu/include"
ignoring nonexistent directory "/include"
#include "..." search starts here:
#include <...> search starts here:
 /usr/bin/../lib/gcc/x86_64-linux-gnu/11/../../../../include/c++/11
 /usr/bin/../lib/gcc/x86_64-linux-gnu/11/../../../../include/x86_64-linux-gnu/c++/11
 /usr/bin/../lib/gcc/x86_64-linux-gnu/11/../../../../include/c++/11/backward
 /usr/lib/llvm-14/lib/clang/14.0.0/include
 /usr/local/include
 /usr/include/x86_64-linux-gnu
 /usr/include
End of search list.
/mnt/e/Projects/RayTracer-redone/cmake-build-minsizerel-clang/CMakeFiles/FindOpenMP/OpenMPTryFlag.cpp:2:10: fatal error: 'omp.h' file not found
#include <omp.h>
         ^~~~~~~
1 error generated.
gmake[1]: *** [CMakeFiles/cmTC_c6866.dir/build.make:79: CMakeFiles/cmTC_c6866.dir/OpenMPTryFlag.cpp.o] Error 1
gmake[1]: Leaving directory '/mnt/e/Projects/RayTracer-redone/cmake-build-minsizerel-clang/CMakeFiles/CMakeTmp'
gmake: *** [Makefile:127: cmTC_c6866/fast] Error 2



